mode: atomic
github.com/vincentconace/api-gin/cmd/server/main.go:9.13,12.16 2 0
github.com/vincentconace/api-gin/cmd/server/main.go:15.2,22.39 5 0
github.com/vincentconace/api-gin/cmd/server/main.go:12.16,13.13 1 0
github.com/vincentconace/api-gin/cmd/server/main.go:22.39,23.13 1 0
github.com/vincentconace/api-gin/internal/product/repository.go:23.43,25.2 1 10
github.com/vincentconace/api-gin/internal/product/repository.go:37.73,40.16 3 2
github.com/vincentconace/api-gin/internal/product/repository.go:43.2,43.18 1 1
github.com/vincentconace/api-gin/internal/product/repository.go:51.2,51.22 1 1
github.com/vincentconace/api-gin/internal/product/repository.go:40.16,42.3 1 1
github.com/vincentconace/api-gin/internal/product/repository.go:43.18,46.17 3 2
github.com/vincentconace/api-gin/internal/product/repository.go:49.3,49.33 1 2
github.com/vincentconace/api-gin/internal/product/repository.go:46.17,48.4 1 0
github.com/vincentconace/api-gin/internal/product/repository.go:54.83,57.16 3 2
github.com/vincentconace/api-gin/internal/product/repository.go:60.2,60.15 1 1
github.com/vincentconace/api-gin/internal/product/repository.go:57.16,59.3 1 1
github.com/vincentconace/api-gin/internal/product/repository.go:63.79,65.16 2 2
github.com/vincentconace/api-gin/internal/product/repository.go:68.2,69.16 2 2
github.com/vincentconace/api-gin/internal/product/repository.go:72.2,73.16 2 1
github.com/vincentconace/api-gin/internal/product/repository.go:76.2,76.21 1 1
github.com/vincentconace/api-gin/internal/product/repository.go:65.16,67.3 1 0
github.com/vincentconace/api-gin/internal/product/repository.go:69.16,71.3 1 1
github.com/vincentconace/api-gin/internal/product/repository.go:73.16,75.3 1 0
github.com/vincentconace/api-gin/internal/product/repository.go:79.82,81.16 2 2
github.com/vincentconace/api-gin/internal/product/repository.go:84.2,85.16 2 2
github.com/vincentconace/api-gin/internal/product/repository.go:88.2,89.16 2 1
github.com/vincentconace/api-gin/internal/product/repository.go:93.2,93.12 1 1
github.com/vincentconace/api-gin/internal/product/repository.go:81.16,83.3 1 0
github.com/vincentconace/api-gin/internal/product/repository.go:85.16,87.3 1 1
github.com/vincentconace/api-gin/internal/product/repository.go:89.16,91.3 1 0
github.com/vincentconace/api-gin/internal/product/repository.go:96.64,98.16 2 2
github.com/vincentconace/api-gin/internal/product/repository.go:101.2,102.16 2 2
github.com/vincentconace/api-gin/internal/product/repository.go:105.2,106.16 2 1
github.com/vincentconace/api-gin/internal/product/repository.go:109.2,109.14 1 1
github.com/vincentconace/api-gin/internal/product/repository.go:112.2,112.12 1 1
github.com/vincentconace/api-gin/internal/product/repository.go:98.16,100.3 1 0
github.com/vincentconace/api-gin/internal/product/repository.go:102.16,104.3 1 1
github.com/vincentconace/api-gin/internal/product/repository.go:106.16,108.3 1 0
github.com/vincentconace/api-gin/internal/product/repository.go:109.14,111.3 1 0
github.com/vincentconace/api-gin/internal/product/repository.go:115.75,119.2 3 0
github.com/vincentconace/api-gin/internal/product/service.go:30.42,32.2 1 0
github.com/vincentconace/api-gin/internal/product/service.go:34.70,36.2 1 0
github.com/vincentconace/api-gin/internal/product/service.go:38.80,40.2 1 0
github.com/vincentconace/api-gin/internal/product/service.go:42.89,44.12 2 0
github.com/vincentconace/api-gin/internal/product/service.go:47.2,48.16 2 0
github.com/vincentconace/api-gin/internal/product/service.go:51.2,52.15 2 0
github.com/vincentconace/api-gin/internal/product/service.go:44.12,46.3 1 0
github.com/vincentconace/api-gin/internal/product/service.go:48.16,50.3 1 0
github.com/vincentconace/api-gin/internal/product/service.go:55.97,57.12 2 0
github.com/vincentconace/api-gin/internal/product/service.go:60.2,61.16 2 0
github.com/vincentconace/api-gin/internal/product/service.go:64.2,65.16 2 0
github.com/vincentconace/api-gin/internal/product/service.go:69.2,75.31 6 0
github.com/vincentconace/api-gin/internal/product/service.go:57.12,59.3 1 0
github.com/vincentconace/api-gin/internal/product/service.go:61.16,63.3 1 0
github.com/vincentconace/api-gin/internal/product/service.go:65.16,67.3 1 0
github.com/vincentconace/api-gin/internal/product/service.go:78.61,80.2 1 0
github.com/vincentconace/api-gin/pkg/web/response.go:21.65,23.2 1 0
github.com/vincentconace/api-gin/pkg/web/response.go:25.60,27.2 1 0
github.com/vincentconace/api-gin/pkg/web/response.go:29.76,36.2 2 0
github.com/vincentconace/api-gin/cmd/server/handler/product.go:24.72,26.2 1 0
github.com/vincentconace/api-gin/cmd/server/handler/product.go:28.48,29.30 1 0
github.com/vincentconace/api-gin/cmd/server/handler/product.go:29.30,31.17 2 0
github.com/vincentconace/api-gin/cmd/server/handler/product.go:35.3,35.42 1 0
github.com/vincentconace/api-gin/cmd/server/handler/product.go:31.17,34.4 2 0
github.com/vincentconace/api-gin/cmd/server/handler/product.go:39.52,40.30 1 0
github.com/vincentconace/api-gin/cmd/server/handler/product.go:40.30,43.17 3 0
github.com/vincentconace/api-gin/cmd/server/handler/product.go:46.3,47.17 2 0
github.com/vincentconace/api-gin/cmd/server/handler/product.go:51.3,51.41 1 0
github.com/vincentconace/api-gin/cmd/server/handler/product.go:43.17,45.4 1 0
github.com/vincentconace/api-gin/cmd/server/handler/product.go:47.17,50.4 2 0
github.com/vincentconace/api-gin/cmd/server/handler/product.go:55.51,56.30 1 0
github.com/vincentconace/api-gin/cmd/server/handler/product.go:56.30,58.46 2 0
github.com/vincentconace/api-gin/cmd/server/handler/product.go:63.3,65.50 3 0
github.com/vincentconace/api-gin/cmd/server/handler/product.go:72.3,72.25 1 0
github.com/vincentconace/api-gin/cmd/server/handler/product.go:77.3,78.17 2 0
github.com/vincentconace/api-gin/cmd/server/handler/product.go:82.3,82.41 1 0
github.com/vincentconace/api-gin/cmd/server/handler/product.go:58.46,61.4 2 0
github.com/vincentconace/api-gin/cmd/server/handler/product.go:65.50,67.49 1 0
github.com/vincentconace/api-gin/cmd/server/handler/product.go:67.49,69.5 1 0
github.com/vincentconace/api-gin/cmd/server/handler/product.go:72.25,75.4 2 0
github.com/vincentconace/api-gin/cmd/server/handler/product.go:78.17,81.4 2 0
github.com/vincentconace/api-gin/cmd/server/handler/product.go:86.51,87.30 1 0
github.com/vincentconace/api-gin/cmd/server/handler/product.go:87.30,90.17 3 0
github.com/vincentconace/api-gin/cmd/server/handler/product.go:94.3,95.46 2 0
github.com/vincentconace/api-gin/cmd/server/handler/product.go:100.3,101.17 2 0
github.com/vincentconace/api-gin/cmd/server/handler/product.go:106.3,106.48 1 0
github.com/vincentconace/api-gin/cmd/server/handler/product.go:90.17,93.4 2 0
github.com/vincentconace/api-gin/cmd/server/handler/product.go:95.46,98.4 2 0
github.com/vincentconace/api-gin/cmd/server/handler/product.go:101.17,104.4 2 0
github.com/vincentconace/api-gin/cmd/server/handler/product.go:110.51,111.30 1 0
github.com/vincentconace/api-gin/cmd/server/handler/product.go:111.30,114.17 3 0
github.com/vincentconace/api-gin/cmd/server/handler/product.go:119.3,120.17 2 0
github.com/vincentconace/api-gin/cmd/server/handler/product.go:124.3,124.43 1 0
github.com/vincentconace/api-gin/cmd/server/handler/product.go:114.17,117.4 2 0
github.com/vincentconace/api-gin/cmd/server/handler/product.go:120.17,123.4 2 0
github.com/vincentconace/api-gin/cmd/server/router/router.go:21.50,23.2 1 0
github.com/vincentconace/api-gin/cmd/server/router/router.go:25.30,29.2 2 0
github.com/vincentconace/api-gin/cmd/server/router/router.go:31.29,34.2 1 0
github.com/vincentconace/api-gin/cmd/server/router/router.go:36.39,48.2 8 0
github.com/vincentconace/api-gin/pkg/db/connection.go:9.30,17.16 2 0
github.com/vincentconace/api-gin/pkg/db/connection.go:22.2,23.16 2 0
github.com/vincentconace/api-gin/pkg/db/connection.go:26.2,26.16 1 0
github.com/vincentconace/api-gin/pkg/db/connection.go:17.16,19.3 1 0
github.com/vincentconace/api-gin/pkg/db/connection.go:23.16,25.3 1 0
