mode: set
github.com/vincentconace/api-gin/internal/product/repository.go:23.43,25.2 1 1
github.com/vincentconace/api-gin/internal/product/repository.go:37.73,40.16 3 1
github.com/vincentconace/api-gin/internal/product/repository.go:43.2,43.18 1 1
github.com/vincentconace/api-gin/internal/product/repository.go:51.2,51.22 1 1
github.com/vincentconace/api-gin/internal/product/repository.go:40.16,42.3 1 1
github.com/vincentconace/api-gin/internal/product/repository.go:43.18,46.17 3 1
github.com/vincentconace/api-gin/internal/product/repository.go:49.3,49.33 1 1
github.com/vincentconace/api-gin/internal/product/repository.go:46.17,48.4 1 0
github.com/vincentconace/api-gin/internal/product/repository.go:54.83,57.16 3 1
github.com/vincentconace/api-gin/internal/product/repository.go:60.2,60.15 1 1
github.com/vincentconace/api-gin/internal/product/repository.go:57.16,59.3 1 1
github.com/vincentconace/api-gin/internal/product/repository.go:63.79,65.16 2 1
github.com/vincentconace/api-gin/internal/product/repository.go:68.2,69.16 2 1
github.com/vincentconace/api-gin/internal/product/repository.go:72.2,73.16 2 1
github.com/vincentconace/api-gin/internal/product/repository.go:76.2,76.21 1 1
github.com/vincentconace/api-gin/internal/product/repository.go:65.16,67.3 1 0
github.com/vincentconace/api-gin/internal/product/repository.go:69.16,71.3 1 1
github.com/vincentconace/api-gin/internal/product/repository.go:73.16,75.3 1 0
github.com/vincentconace/api-gin/internal/product/repository.go:79.82,81.16 2 1
github.com/vincentconace/api-gin/internal/product/repository.go:84.2,85.16 2 1
github.com/vincentconace/api-gin/internal/product/repository.go:88.2,89.16 2 1
github.com/vincentconace/api-gin/internal/product/repository.go:93.2,93.12 1 1
github.com/vincentconace/api-gin/internal/product/repository.go:81.16,83.3 1 0
github.com/vincentconace/api-gin/internal/product/repository.go:85.16,87.3 1 1
github.com/vincentconace/api-gin/internal/product/repository.go:89.16,91.3 1 0
github.com/vincentconace/api-gin/internal/product/repository.go:96.64,98.16 2 0
github.com/vincentconace/api-gin/internal/product/repository.go:101.2,102.16 2 0
github.com/vincentconace/api-gin/internal/product/repository.go:105.2,106.16 2 0
github.com/vincentconace/api-gin/internal/product/repository.go:109.2,109.14 1 0
github.com/vincentconace/api-gin/internal/product/repository.go:112.2,112.12 1 0
github.com/vincentconace/api-gin/internal/product/repository.go:98.16,100.3 1 0
github.com/vincentconace/api-gin/internal/product/repository.go:102.16,104.3 1 0
github.com/vincentconace/api-gin/internal/product/repository.go:106.16,108.3 1 0
github.com/vincentconace/api-gin/internal/product/repository.go:109.14,111.3 1 0
github.com/vincentconace/api-gin/internal/product/repository.go:115.75,119.2 3 0
github.com/vincentconace/api-gin/internal/product/service.go:30.42,32.2 1 0
github.com/vincentconace/api-gin/internal/product/service.go:34.70,36.2 1 0
github.com/vincentconace/api-gin/internal/product/service.go:38.80,40.2 1 0
github.com/vincentconace/api-gin/internal/product/service.go:42.89,44.12 2 0
github.com/vincentconace/api-gin/internal/product/service.go:47.2,48.16 2 0
github.com/vincentconace/api-gin/internal/product/service.go:51.2,52.15 2 0
github.com/vincentconace/api-gin/internal/product/service.go:44.12,46.3 1 0
github.com/vincentconace/api-gin/internal/product/service.go:48.16,50.3 1 0
github.com/vincentconace/api-gin/internal/product/service.go:55.97,57.12 2 0
github.com/vincentconace/api-gin/internal/product/service.go:60.2,61.16 2 0
github.com/vincentconace/api-gin/internal/product/service.go:64.2,65.16 2 0
github.com/vincentconace/api-gin/internal/product/service.go:69.2,75.31 6 0
github.com/vincentconace/api-gin/internal/product/service.go:57.12,59.3 1 0
github.com/vincentconace/api-gin/internal/product/service.go:61.16,63.3 1 0
github.com/vincentconace/api-gin/internal/product/service.go:65.16,67.3 1 0
github.com/vincentconace/api-gin/internal/product/service.go:78.61,80.2 1 0
